<?xml version="1.0" encoding="UTF-8"?>
<!-- Generated by org.testng.reporters.JUnitReportReporter -->
<testsuite hostname="LAPTOP-1E602TU1" failures="0" tests="1" name="Day13.TestNGLearning" time="0.009" errors="0" timestamp="2023-08-20T17:55:04 IST" skipped="0">
  <testcase classname="Day13.TestNGLearning" name="thirdtc01" time="0.009"/>
</testsuite> <!-- Day13.TestNGLearning -->
