<?xml version="1.0" encoding="UTF-8"?>
<!-- Generated by org.testng.reporters.JUnitReportReporter -->
<testsuite hostname="LAPTOP-1E602TU1" failures="0" tests="1" name="Day17.TestNGTags" time="0.030" errors="0" timestamp="2023-08-23T09:56:32 IST" skipped="0">
  <testcase classname="Day17.TestNGTags" name="click" time="0.030"/>
</testsuite> <!-- Day17.TestNGTags -->
