<?xml version="1.0" encoding="UTF-8"?>
<!-- Generated by org.testng.reporters.JUnitReportReporter -->
<testsuite hostname="LAPTOP-1E602TU1" failures="0" tests="1" name="Day14.Anotationwithselenium" time="5.140" errors="0" timestamp="2023-08-16T10:14:34 IST" skipped="0">
  <testcase classname="Day14.Anotationwithselenium" name="logintest" time="5.140"/>
</testsuite> <!-- Day14.Anotationwithselenium -->
