<?xml version="1.0" encoding="UTF-8"?>
<!-- Generated by org.testng.reporters.JUnitReportReporter -->
<testsuite hostname="LAPTOP-1E602TU1" failures="0" tests="1" name="Pom.Runner" time="0.296" errors="0" timestamp="2023-08-28T11:40:03 IST" skipped="0">
  <testcase classname="Pom.Runner" name="main" time="0.296"/>
</testsuite> <!-- Pom.Runner -->
