<?xml version="1.0" encoding="UTF-8"?>
<!-- Generated by org.testng.reporters.JUnitReportReporter -->
<testsuite hostname="LAPTOP-1E602TU1" failures="0" tests="1" name="Day18.Runner" time="0.234" errors="0" timestamp="2023-08-28T10:40:11 IST" skipped="0">
  <testcase classname="Day18.Runner" name="main" time="0.234"/>
</testsuite> <!-- Day18.Runner -->
