<?xml version="1.0" encoding="UTF-8"?>
<!-- Generated by org.testng.reporters.JUnitReportReporter -->
<testsuite hostname="LAPTOP-1E602TU1" failures="0" tests="1" name="Day14.TestNgArchitecture" time="0.008" errors="0" timestamp="2023-08-16T09:58:41 IST" skipped="0">
  <testcase classname="Day14.TestNgArchitecture" name="tc01" time="0.008"/>
</testsuite> <!-- Day14.TestNgArchitecture -->
